make all --print-data-base --no-builtin-variables --no-builtin-rules --question
# GNU Make 3.81
# Copyright (C) 2006  Free Software Foundation, Inc.
# This is free software; see the source for copying conditions.
# There is NO warranty; not even for MERCHANTABILITY or FITNESS FOR A
# PARTICULAR PURPOSE.

# This program built for i386-apple-darwin11.3.0
 
make: ***  
No rule to make target `all'.  Stop.
 

# Make data base, printed on Thu Dec 23 20:54:45 2021

# Variables

# automatic
<D = $(patsubst %/,%,$(dir $<))
# automatic
?F = $(notdir $?)
# environment
ELECTRON_NO_ATTACH_CONSOLE = 1
# environment
VSCODE_LOG_NATIVE = false
# makefile (from `Makefile', line 4)
TARGET = $(EXT_SUFFIX)
# automatic
?D = $(patsubst %/,%,$(dir $?))
# makefile (from `Makefile', line 18)
INCLUDES := -I/usr/local/opt/python@3.9/Frameworks/Python.framework/Versions/3.9/include/python3.9
# automatic
@D = $(patsubst %/,%,$(dir $@))
# automatic
@F = $(notdir $@)
# makefile
CURDIR := /Users/basti/Documents/cse/sem3/beleg/example_python_ext
# makefile
SHELL = /bin/sh
# environment
VSCODE_NLS_CONFIG = {"locale":"de","availableLanguages":{},"_languagePackSupport":true}
# environment
_ = /usr/bin/make
# makefile (from `Makefile', line 1)
MAKEFILE_LIST :=  Makefile
# makefile (from `Makefile', line 8)
OBJ_DIR := tmp
# makefile (from `Makefile', line 19)
CXXFLAGS := -fPIC -O3 -fopenmp
# environment
VSCODE_VERBOSE_LOGGING = true
# environment
__CFBundleIdentifier = com.microsoft.VSCode
# environment
VSCODE_IPC_HOOK_EXTHOST = /var/folders/n4/sljv57ts2zz1hkhr9303lljh0000gn/T/vscode-ipc-57c8d0c6-4289-4882-bd10-7ace0017c177.sock
# environment
VSCODE_CWD = /Users/basti/Documents/cse/sem3/beleg/example_python_ext
# makefile (from `Makefile', line 13)
OBJ_FILES := tmp/main.o
# environment
PATH = /usr/local/bin:/usr/bin:/bin:/usr/sbin:/sbin:/Library/TeX/texbin:/usr/local/share/dotnet:~/.dotnet/tools:/Library/Apple/usr/bin:/Library/Frameworks/Mono.framework/Versions/Current/Commands
# environment
LSCOLORS = Gxfxcxdxbxegedabagacad
# environment
LaunchInstanceID = 4F1028BA-0653-4E32-A252-CB0669C97A31
# environment
VSCODE_LOG_STACK = false
# environment
ELECTRON_RUN_AS_NODE = 1
# makefile (from `Makefile', line 17)
LDFLAGS := -shared -fPIC -L/usr/local/opt/python@3.9/Frameworks/Python.framework/Versions/3.9/lib/ -undefined dynamic_lookup -lgomp
# default
.FEATURES := target-specific order-only second-expansion else-if archives jobserver check-symlink
# makefile (from `Makefile', line 2)
MODULE_NAME := example_module
# environment
SSH_AUTH_SOCK = /private/tmp/com.apple.launchd.ZMsRTvAdaP/Listeners
# automatic
%F = $(notdir $%)
# environment
VSCODE_PIPE_LOGGING = true
# environment
PWD = /Users/basti/Documents/cse/sem3/beleg/example_python_ext
# environment
ORIGINAL_XDG_CURRENT_DESKTOP = undefined
# environment
VSCODE_AMD_ENTRYPOINT = vs/workbench/services/extensions/node/extensionHostProcess
# environment
HOME = /Users/basti
# default
MAKEFILEPATH := /Applications/Xcode.app/Contents/Developer/Makefiles
# environment
VSCODE_CLI = 1
# environment
VSCODE_CODE_CACHE_PATH = /Users/basti/Library/Application Support/Code/CachedData/ccbaa2d27e38e5afa3e5c21c1c7bef4657064247
# environment
LOGNAME = basti
# environment
APPLICATION_INSIGHTS_NO_DIAGNOSTIC_CHANNEL = true
# environment
ZSH = /Users/basti/.oh-my-zsh
# environment
VSCODE_HANDLES_UNCAUGHT_ERRORS = true
# automatic
^D = $(patsubst %/,%,$(dir $^))
# environment
XPC_FLAGS = 0x0
# environment
COLORTERM = truecolor
# default
MAKE = $(MAKE_COMMAND)
# environment
LC_TERMINAL = iTerm2
# environment
SHLVL = 3
# makefile (from `Makefile', line 9)
BUILD_DIR := build
# default
MAKE_VERSION := 3.81
# environment
USER = basti
# makefile
.DEFAULT_GOAL := build/
# default
MAKECMDGOALS := all
# environment
TERM_SESSION_ID = w0t1p0:7FC0EF54-D0D2-4BCF-A042-B6E6DE998FC0
# environment
LESS = -R
 
# automatic
%D = $(patsubst %/,%,$(dir $%))
# default
MAKE_COMMAND := /Applications/Xcode.app/Contents/Developer/usr/bin/make
# environment
TERM_PROGRAM = iTerm.app
# default
.VARIABLES := 
# environment
TMPDIR = /var/folders/n4/sljv57ts2zz1hkhr9303lljh0000gn/T/
# automatic
*F = $(notdir $*)
# environment
VSCODE_IPC_HOOK = /Users/basti/Library/Application Support/Code/1.62.3-main.sock
# makefile
MAKEFLAGS = Rrqp
# environment
MFLAGS = -Rrqp
# automatic
*D = $(patsubst %/,%,$(dir $*))
# environment
TERM_PROGRAM_VERSION = 3.4.9
# environment
XPC_SERVICE_NAME = application.com.microsoft.VSCode.13786346.13786352.FC89BF5A-BC39-48EB-B2E5-7976A7AA9D01
# environment
LC_TERMINAL_VERSION = 3.4.9
# automatic
+D = $(patsubst %/,%,$(dir $+))
# automatic
+F = $(notdir $+)
# environment
ITERM_SESSION_ID = w0t1p0:7FC0EF54-D0D2-4BCF-A042-B6E6DE998FC0
# environment
COLORFGBG = 15;0
# environment
__CF_USER_TEXT_ENCODING = 0x1F5:0x0:0x3
# environment
COMMAND_MODE = unix2003
# default
MAKEFILES := 
# makefile (from `Makefile', line 7)
SRC_DIR := src
# automatic
<F = $(notdir $<)
# environment
ITERM_PROFILE = Default
# makefile (from `Makefile', line 16)
CXX := g++-11
# environment
PAGER = less
# environment
LC_ALL = C
# environment
SECURITYSESSIONID = 186a6
# automatic
^F = $(notdir $^)
# makefile (from `Makefile', line 12)
SRC_FILES := src/main.cpp
# default
SUFFIXES := 
# default
.INCLUDE_DIRS = /usr/local/include
# environment
MAKELEVEL := 0
# environment
LANG = C
# environment
TERM = xterm-256color
# environment
VSCODE_PID = 425
# makefile (from `Makefile', line 3)
EXT_SUFFIX :=  python3-config --extension-suffix
# variable set hash-table stats:
# Load=92/1024=9%, Rehash=0, Collisions=4/133=3%

# Pattern-specific Variable Values

# No pattern-specific variable values.

# Directories

# . (device 16777224, inode 18200077): 9 files, no impossibilities.
# src (device 16777224, inode 18209145): 3 files, no impossibilities.

# 12 files, no impossibilities in 2 directories.

# Implicit Rules

tmp/%.o: src/main.cpp | tmp
#  commands to execute (from `Makefile', line 27):
	$(CXX) -c $(CXXFLAGS) $(INCLUDES) $< -o $@
	

# 1 implicit rules, 0 (0.0%) terminal.

# Files

# Not a target:
all:
#  Command-line target.
#  Implicit rule search has been done.
#  File does not exist.
#  File has not been updated.
# variable set hash-table stats:
# Load=0/32=0%, Rehash=0, Collisions=0/0=0%

python3-config: tmp/main.o | build
#  Implicit rule search has not been done.
#  Modification time never checked.
#  File has not been updated.
#  commands to execute (from `Makefile', line 23):
	$(CXX) $(LDFLAGS) $< -o $@ -L/usr/local/opt/python@3.9/Frameworks/Python.framework/Versions/3.9/lib/ -undefined dynamic_lookup
	

 
tmp:
#  Implicit rule search has not been done.
#  Modification time never checked.
#  File has not been updated.
#  commands to execute (from `Makefile', line 35):
	mkdir -p $@
	

# Not a target:
.SUFFIXES:
#  Implicit rule search has not been done.
#  Modification time never checked.
#  File has not been updated.

# Not a target:
Makefile:
#  Implicit rule search has been done.
#  Last modified 2021-12-23 20:54:28
#  File has been updated.
#  Successfully updated.
# variable set hash-table stats:
# Load=0/32=0%, Rehash=0, Collisions=0/0=0%

build/: tmp/main.o | build
#  Implicit rule search has not been done.
#  Modification time never checked.
#  File has not been updated.
#  commands to execute (from `Makefile', line 23):
	$(CXX) $(LDFLAGS) $< -o $@ -L/usr/local/opt/python@3.9/Frameworks/Python.framework/Versions/3.9/lib/ -undefined dynamic_lookup
	

build:
#  Implicit rule search has not been done.
#  Modification time never checked.
#  File has not been updated.
#  commands to execute (from `Makefile', line 31):
	mkdir -p $@
	

--extension-suffix: tmp/main.o | build
#  Implicit rule search has not been done.
#  Modification time never checked.
#  File has not been updated.
#  commands to execute (from `Makefile', line 23):
	$(CXX) $(LDFLAGS) $< -o $@ -L/usr/local/opt/python@3.9/Frameworks/Python.framework/Versions/3.9/lib/ -undefined dynamic_lookup
	

# Not a target:
.DEFAULT:
#  Implicit rule search has not been done.
#  Modification time never checked.
#  File has not been updated.

clean:
#  Implicit rule search has not been done.
#  Modification time never checked.
#  File has not been updated.
#  commands to execute (from `Makefile', line 39):
	rm -rf $(OBJ_DIR)
	

# Not a target:
tmp/main.o:
#  Implicit rule search has not been done.
#  Modification time never checked.
#  File has not been updated.

# files hash-table stats:
# Load=11/1024=1%, Rehash=0, Collisions=0/29=0%
# VPATH Search Paths

# No `vpath' search paths.

# No general (`VPATH' variable) search path.

# # of strings in strcache: 1
# # of strcache buffers: 1
# strcache size: total = 4096 / max = 4096 / min = 4096 / avg = 4096
# strcache free: total = 4087 / max = 4087 / min = 4087 / avg = 4087

# Finished Make data base on Thu Dec 23 20:54:45 2021

 
